<?xml version="1.0" encoding="UTF-8"?>
<!-- Generated by org.testng.reporters.JUnitReportReporter -->
<testsuite hostname="DESKTOP-OS9HIGU" name="com.cucumberFramework.testRunner.TestRunner" tests="2" failures="0" timestamp="26 Jun 2020 14:08:56 GMT" time="33.294" errors="0">
  <testcase name="feature" time="16.282" classname="com.cucumberFramework.testRunner.TestRunner"/>
  <testcase name="feature" time="17.012" classname="com.cucumberFramework.testRunner.TestRunner"/>
</testsuite> <!-- com.cucumberFramework.testRunner.TestRunner -->
